<?xml version="1.0" encoding="UTF-8"?>
<testng-results skipped="0" failed="0" total="1" passed="1">
  <reporter-output>
  </reporter-output>
  <suite name="First" duration-ms="37317" started-at="2022-03-22T10:04:49Z" finished-at="2022-03-22T10:05:26Z">
    <groups>
    </groups>
    <test name="FirstTest" duration-ms="37317" started-at="2022-03-22T10:04:49Z" finished-at="2022-03-22T10:05:26Z">
      <class name="com.browserstack.run_first_test.FirstTest">
        <test-method status="PASS" signature="setUp()[pri:0, instance:com.browserstack.run_first_test.FirstTest@15975490]" name="setUp" is-config="true" duration-ms="26325" started-at="2022-03-22T15:34:49Z" finished-at="2022-03-22T15:35:15Z">
          <reporter-output>
          </reporter-output>
        </test-method> <!-- setUp -->
        <test-method status="PASS" signature="test()[pri:0, instance:com.browserstack.run_first_test.FirstTest@15975490]" name="test" duration-ms="9457" started-at="2022-03-22T15:35:15Z" finished-at="2022-03-22T15:35:24Z">
          <reporter-output>
          </reporter-output>
        </test-method> <!-- test -->
        <test-method status="PASS" signature="tearDown()[pri:0, instance:com.browserstack.run_first_test.FirstTest@15975490]" name="tearDown" is-config="true" duration-ms="1513" started-at="2022-03-22T15:35:24Z" finished-at="2022-03-22T15:35:26Z">
          <reporter-output>
          </reporter-output>
        </test-method> <!-- tearDown -->
      </class> <!-- com.browserstack.run_first_test.FirstTest -->
    </test> <!-- FirstTest -->
  </suite> <!-- First -->
</testng-results>
